# JRE version: Java(TM) SE Runtime Environment (11.0.2+9) (build 11.0.2+9-LTS)
# Java VM: Java HotSpot(TM) 64-Bit Server VM (11.0.2+9-LTS, mixed mode, tiered, compressed oops, g1 gc, linux-amd64)
Heap:
 garbage-first heap   total 529408K, used 98304K [0x00000000c0000000, 0x0000000100000000)
  region size 1024K, 1 young (1024K), 1 survivors (1024K)
 Metaspace       used 49647K, capacity 51871K, committed 52176K, reserved 1095680K
  class space    used 5121K, capacity 5990K, committed 6016K, reserved 1048576K
GC Heap History (10 events):
Event: 47.552 GC heap after
{Heap after GC invocations=17 (full 0):
 garbage-first heap   total 152576K, used 81785K [0x00000000c0000000, 0x0000000100000000)
  region size 1024K, 6 young (6144K), 6 survivors (6144K)
 Metaspace       used 49275K, capacity 51581K, committed 51920K, reserved 1095680K
  class space    used 5087K, capacity 5980K, committed 6016K, reserved 1048576K
}
Event: 48.293 GC heap before
{Heap before GC invocations=18 (full 0):
 garbage-first heap   total 152576K, used 123769K [0x00000000c0000000, 0x0000000100000000)
  region size 1024K, 48 young (49152K), 6 survivors (6144K)
 Metaspace       used 49458K, capacity 51737K, committed 51920K, reserved 1095680K
  class space    used 5105K, capacity 5988K, committed 6016K, reserved 1048576K
}
Event: 48.567 GC heap after
{Heap after GC invocations=19 (full 0):
 garbage-first heap   total 183296K, used 85848K [0x00000000c0000000, 0x0000000100000000)
  region size 1024K, 6 young (6144K), 6 survivors (6144K)
 Metaspace       used 49458K, capacity 51737K, committed 51920K, reserved 1095680K
  class space    used 5105K, capacity 5988K, committed 6016K, reserved 1048576K
}
Event: 49.538 GC heap before
{Heap before GC invocations=19 (full 0):
 garbage-first heap   total 183296K, used 143192K [0x00000000c0000000, 0x0000000100000000)
  region size 1024K, 62 young (63488K), 6 survivors (6144K)
 Metaspace       used 49536K, capacity 51801K, committed 52176K, reserved 1095680K
  class space    used 5112K, capacity 5988K, committed 6016K, reserved 1048576K
}
Event: 50.154 GC heap after
{Heap after GC invocations=20 (full 0):
 garbage-first heap   total 183296K, used 90336K [0x00000000c0000000, 0x0000000100000000)
  region size 1024K, 5 young (5120K), 5 survivors (5120K)
 Metaspace       used 49536K, capacity 51801K, committed 52176K, reserved 1095680K
  class space    used 5112K, capacity 5988K, committed 6016K, reserved 1048576K
}
Event: 63.052 GC heap before
{Heap before GC invocations=20 (full 0):
 garbage-first heap   total 183296K, used 146656K [0x00000000c0000000, 0x0000000100000000)
  region size 1024K, 60 young (61440K), 5 survivors (5120K)
 Metaspace       used 49639K, capacity 51871K, committed 52176K, reserved 1095680K
  class space    used 5121K, capacity 5990K, committed 6016K, reserved 1048576K
}
Event: 68.867 GC heap after
{Heap after GC invocations=21 (full 0):
 garbage-first heap   total 183296K, used 97179K [0x00000000c0000000, 0x0000000100000000)
  region size 1024K, 7 young (7168K), 7 survivors (7168K)
 Metaspace       used 49639K, capacity 51871K, committed 52176K, reserved 1095680K
  class space    used 5121K, capacity 5990K, committed 6016K, reserved 1048576K
}
Event: 74.848 GC heap before
{Heap before GC invocations=21 (full 0):
 garbage-first heap   total 183296K, used 98203K [0x00000000c0000000, 0x0000000100000000)
  region size 1024K, 8 young (8192K), 7 survivors (7168K)
 Metaspace       used 49646K, capacity 51871K, committed 52176K, reserved 1095680K
  class space    used 5121K, capacity 5990K, committed 6016K, reserved 1048576K
}
Event: 76.687 GC heap after
{Heap after GC invocations=22 (full 0):
 garbage-first heap   total 183296K, used 98179K [0x00000000c0000000, 0x0000000100000000)
  region size 1024K, 1 young (1024K), 1 survivors (1024K)
 Metaspace       used 49646K, capacity 51871K, committed 52176K, reserved 1095680K
  class space    used 5121K, capacity 5990K, committed 6016K, reserved 1048576K
}
Event: 79.679 GC heap before
{Heap before GC invocations=23 (full 0):
 garbage-first heap   total 183296K, used 104323K [0x00000000c0000000, 0x0000000100000000)
  region size 1024K, 8 young (8192K), 1 survivors (1024K)
 Metaspace       used 49647K, capacity 51871K, committed 52176K, reserved 1095680K
  class space    used 5121K, capacity 5990K, committed 6016K, reserved 1048576K
}

